<?xml version="1.0" encoding="UTF-8"?>
<!-- Generated by org.testng.reporters.JUnitReportReporter -->
<testsuite hostname="DESKTOP-FGTOVGJ" failures="0" tests="2" name="com.harshi.authtest.SSLAuthenticationTest" time="2.970" errors="0" timestamp="2024-01-20T12:34:59 IST" skipped="0">
  <testcase classname="com.harshi.authtest.SSLAuthenticationTest" name="testSSLCertificate2" time="0.710"/>
  <testcase classname="com.harshi.authtest.SSLAuthenticationTest" name="testSSLCertificate1" time="2.260"/>
</testsuite> <!-- com.harshi.authtest.SSLAuthenticationTest -->
