<?xml version="1.0" encoding="UTF-8"?>
<!-- Generated by org.testng.reporters.JUnitReportReporter -->
<testsuite hostname="DESKTOP-FGTOVGJ" failures="0" tests="1" name="com.harshi.authtest.AuthenticationTest" time="3.309" errors="0" timestamp="2024-01-20T12:29:59 IST" skipped="0">
  <testcase classname="com.harshi.authtest.AuthenticationTest" name="testAuthenticationToken" time="3.309"/>
</testsuite> <!-- com.harshi.authtest.AuthenticationTest -->
