<?xml version="1.0" encoding="UTF-8"?>
<!-- Generated by org.testng.reporters.JUnitReportReporter -->
<testsuite hostname="DESKTOP-FGTOVGJ" failures="0" tests="3" name="com.harshi.resttesting.GetRequestTest" time="3.142" errors="0" timestamp="2024-01-20T12:13:23 IST" skipped="0">
  <testcase classname="com.harshi.resttesting.GetRequestTest" name="getRequestTest" time="2.234"/>
  <testcase classname="com.harshi.resttesting.GetRequestTest" name="getRequestWithUserIdTest" time="0.405"/>
  <testcase classname="com.harshi.resttesting.GetRequestTest" name="getRequestWithQueryParmsTest" time="0.503"/>
</testsuite> <!-- com.harshi.resttesting.GetRequestTest -->
