<?xml version="1.0" encoding="UTF-8"?>
<!-- Generated by org.testng.reporters.JUnitReportReporter -->
<testsuite hostname="DESKTOP-FGTOVGJ" failures="0" tests="4" name="com.harshi.soaptesting.GetCapitalByCountryCodeTest" time="5.083" errors="0" timestamp="2024-01-20T12:13:23 IST" skipped="0">
  <testcase classname="com.harshi.soaptesting.GetCapitalByCountryCodeTest" name="postXMLRequestTest" time="1.233"/>
  <testcase classname="com.harshi.soaptesting.GetCapitalByCountryCodeTest" name="postXMLRequestTest" time="1.363"/>
  <testcase classname="com.harshi.soaptesting.GetCapitalByCountryCodeTest" name="postXMLRequestTest" time="1.240"/>
  <testcase classname="com.harshi.soaptesting.GetCapitalByCountryCodeTest" name="postXMLRequestTest" time="1.247"/>
</testsuite> <!-- com.harshi.soaptesting.GetCapitalByCountryCodeTest -->
