<?xml version="1.0" encoding="UTF-8"?>
<!-- Generated by org.testng.reporters.JUnitReportReporter -->
<testsuite hostname="DESKTOP-FGTOVGJ" failures="0" tests="1" name="com.harshi.soaptesting.NumberToWordConversion" time="4.823" errors="0" timestamp="2024-01-20T12:14:53 IST" skipped="0">
  <testcase classname="com.harshi.soaptesting.NumberToWordConversion" name="postXMLRequestTest" time="4.823"/>
</testsuite> <!-- com.harshi.soaptesting.NumberToWordConversion -->
