<?xml version="1.0" encoding="UTF-8"?>
<!-- Generated by org.testng.reporters.JUnitReportReporter -->
<testsuite hostname="DESKTOP-FGTOVGJ" failures="0" tests="3" name="com.harshi.resttesting.DeleteRequestTest" time="1.618" errors="0" timestamp="2024-01-20T12:13:23 IST" skipped="0">
  <testcase classname="com.harshi.resttesting.DeleteRequestTest" name="putRequestTest" time="0.523"/>
  <testcase classname="com.harshi.resttesting.DeleteRequestTest" name="putRequestTest" time="0.551"/>
  <testcase classname="com.harshi.resttesting.DeleteRequestTest" name="putRequestTest" time="0.544"/>
</testsuite> <!-- com.harshi.resttesting.DeleteRequestTest -->
