<?xml version="1.0" encoding="UTF-8"?>
<!-- Generated by org.testng.reporters.JUnitReportReporter -->
<testsuite hostname="DESKTOP-FGTOVGJ" failures="0" tests="1" name="com.harshi.resttesting.PostRequestTest" time="1.258" errors="0" timestamp="2024-01-20T12:13:23 IST" skipped="0">
  <testcase classname="com.harshi.resttesting.PostRequestTest" name="postRequestTest" time="1.258"/>
</testsuite> <!-- com.harshi.resttesting.PostRequestTest -->
