<?xml version="1.0" encoding="UTF-8"?>
<!-- Generated by org.testng.reporters.JUnitReportReporter -->
<testsuite hostname="DESKTOP-FGTOVGJ" failures="0" tests="1" name="com.harshi.resttesting.PutRequestTest" time="1.050" errors="0" timestamp="2024-01-20T12:13:23 IST" skipped="0">
  <testcase classname="com.harshi.resttesting.PutRequestTest" name="putRequestTest" time="1.050"/>
</testsuite> <!-- com.harshi.resttesting.PutRequestTest -->
